<?xml version="1.0" encoding="UTF-8"?>
<coverage generated="1750852770842" clover="3.2.0">
  <project timestamp="1750852770843" name="All files">
    <metrics statements="32" coveredstatements="31" conditionals="18" coveredconditionals="16" methods="6" coveredmethods="6" elements="56" coveredelements="53" complexity="0" loc="32" ncloc="32" packages="1" files="1" classes="1"/>
    <file name="ahorcado.js" path="C:\Users\Usuario\OneDrive\Escritorio\Facultad\Metodologías Ágiles para el desarrollo de software\Agiles-grupo-4\ahorcado.js">
      <metrics statements="32" coveredstatements="31" conditionals="18" coveredconditionals="16" methods="6" coveredmethods="6"/>
      <line num="3" count="10" type="stmt"/>
      <line num="4" count="10" type="stmt"/>
      <line num="5" count="10" type="stmt"/>
      <line num="6" count="10" type="stmt"/>
      <line num="7" count="10" type="stmt"/>
      <line num="8" count="10" type="stmt"/>
      <line num="9" count="10" type="stmt"/>
      <line num="10" count="10" type="stmt"/>
      <line num="11" count="10" type="stmt"/>
      <line num="12" count="10" type="stmt"/>
      <line num="13" count="10" type="stmt"/>
      <line num="17" count="2" type="stmt"/>
      <line num="21" count="17" type="cond" truecount="4" falsecount="0"/>
      <line num="22" count="1" type="stmt"/>
      <line num="24" count="16" type="cond" truecount="2" falsecount="0"/>
      <line num="25" count="1" type="stmt"/>
      <line num="27" count="15" type="stmt"/>
      <line num="28" count="15" type="cond" truecount="2" falsecount="0"/>
      <line num="29" count="8" type="stmt"/>
      <line num="30" count="8" type="stmt"/>
      <line num="32" count="7" type="stmt"/>
      <line num="33" count="7" type="stmt"/>
      <line num="38" count="3" type="cond" truecount="2" falsecount="0"/>
      <line num="39" count="1" type="stmt"/>
      <line num="40" count="2" type="cond" truecount="2" falsecount="0"/>
      <line num="41" count="1" type="stmt"/>
      <line num="43" count="1" type="stmt"/>
      <line num="48" count="1" type="stmt"/>
      <line num="50" count="7" type="cond" truecount="1" falsecount="1"/>
      <line num="56" count="1" type="cond" truecount="3" falsecount="1"/>
      <line num="57" count="1" type="stmt"/>
      <line num="59" count="0" type="stmt"/>
    </file>
  </project>
</coverage>
