TN:
SF:ahorcado.js
FN:2,(anonymous_0)
FN:16,(anonymous_1)
FN:20,(anonymous_2)
FN:37,(anonymous_3)
FN:47,(anonymous_4)
FN:50,(anonymous_5)
FNF:6
FNH:6
FNDA:10,(anonymous_0)
FNDA:2,(anonymous_1)
FNDA:17,(anonymous_2)
FNDA:3,(anonymous_3)
FNDA:1,(anonymous_4)
FNDA:7,(anonymous_5)
DA:3,10
DA:4,10
DA:5,10
DA:6,10
DA:7,10
DA:8,10
DA:9,10
DA:10,10
DA:11,10
DA:12,10
DA:13,10
DA:17,2
DA:21,17
DA:22,1
DA:24,16
DA:25,1
DA:27,15
DA:28,15
DA:29,8
DA:30,8
DA:32,7
DA:33,7
DA:38,3
DA:39,1
DA:40,2
DA:41,1
DA:43,1
DA:48,1
DA:50,7
DA:56,1
DA:57,1
DA:59,0
LF:32
LH:31
BRDA:21,0,0,1
BRDA:21,0,1,16
BRDA:21,1,0,17
BRDA:21,1,1,16
BRDA:24,2,0,1
BRDA:24,2,1,15
BRDA:28,3,0,8
BRDA:28,3,1,7
BRDA:38,4,0,1
BRDA:38,4,1,2
BRDA:40,5,0,1
BRDA:40,5,1,1
BRDA:50,6,0,0
BRDA:50,6,1,7
BRDA:56,7,0,1
BRDA:56,7,1,0
BRDA:56,8,0,1
BRDA:56,8,1,1
BRF:18
BRH:16
end_of_record
