TN:
SF:ahorcado.js
FN:2,(anonymous_0)
FN:16,(anonymous_1)
FN:20,(anonymous_2)
FN:34,(anonymous_3)
FNF:4
FNH:4
FNDA:8,(anonymous_0)
FNDA:2,(anonymous_1)
FNDA:16,(anonymous_2)
FNDA:3,(anonymous_3)
DA:3,8
DA:4,8
DA:5,8
DA:6,8
DA:7,8
DA:8,8
DA:9,8
DA:10,8
DA:11,8
DA:12,8
DA:13,8
DA:17,2
DA:21,16
DA:22,1
DA:24,15
DA:25,15
DA:26,8
DA:27,8
DA:29,7
DA:30,7
DA:35,3
DA:36,1
DA:37,2
DA:38,1
DA:40,1
DA:45,1
LF:26
LH:26
BRDA:21,0,0,1
BRDA:21,0,1,15
BRDA:25,1,0,8
BRDA:25,1,1,7
BRDA:35,2,0,1
BRDA:35,2,1,2
BRDA:37,3,0,1
BRDA:37,3,1,1
BRF:8
BRH:8
end_of_record
